Arguments: 
  /home/dev/.nvm/versions/node/v20.11.0/bin/node /usr/share/yarn/bin/yarn.js build

PATH: 
  /home/dev/.nvm/versions/node/v20.11.0/bin:/home/dev/.local/bin:/usr/local/sbin:/usr/local/bin:/usr/sbin:/usr/bin:/sbin:/bin:/usr/games:/usr/local/games:/snap/bin

Yarn version: 
  1.22.19

Node version: 
  20.11.0

Platform: 
  linux x64

Trace: 
  SyntaxError: /home/dev/Bureau/roge/package.json: Unexpected non-whitespace character after JSON at position 118
      at JSON.parse (<anonymous>)
      at /usr/share/yarn/lib/cli.js:1629:59
      at Generator.next (<anonymous>)
      at step (/usr/share/yarn/lib/cli.js:310:30)
      at /usr/share/yarn/lib/cli.js:321:13

npm manifest: 
  {
    "name": "threedemo",
    "scripts": {
      "dev":"vite",
      "build": "webpack --config webpack.config.js"
    }
    
    },
    "devDependencies": {
      "vite": "^5.1.1"
    },
    "dependencies": {
      "gltfloader": "github:codeurdenuit/GLTFLoader",
      "three": "^0.161.0"
    }
  }

yarn manifest: 
  No manifest

Lockfile: 
  No lockfile
